{
  "stats": {
    "suites": 2,
    "tests": 2,
    "passes": 2,
    "pending": 0,
    "failures": 0,
    "start": "2023-07-24T00:00:52.423Z",
    "end": "2023-07-24T00:00:53.041Z",
    "duration": 618,
    "testsRegistered": 2,
    "passPercent": 100,
    "pendingPercent": 0,
    "other": 0,
    "hasOther": false,
    "skipped": 0,
    "hasSkipped": false
  },
  "results": [
    {
      "uuid": "f0e56377-cd96-43ef-969d-86adf43df30c",
      "title": "",
      "fullFile": "",
      "file": "",
      "beforeHooks": [],
      "afterHooks": [],
      "tests": [],
      "suites": [
        {
          "uuid": "eab6e58c-1159-4feb-b2f9-7c278357367f",
          "title": "Create Project",
          "fullFile": "/home/xmebhzero/research/nodejs/learn-api-testing/test-populix-api/test/index.js",
          "file": "/test/index.js",
          "beforeHooks": [],
          "afterHooks": [],
          "tests": [
            {
              "title": "Should successfully create new Project",
              "fullTitle": "Create Project Should successfully create new Project",
              "timedOut": false,
              "duration": 469,
              "state": "passed",
              "speed": "slow",
              "pass": true,
              "fail": false,
              "pending": false,
              "context": null,
              "code": "request(process.env.API_URL)\n  .post('/projects')\n  .send(projectData)\n  .set('Accept', 'application/json')\n  .set('Content-Type', 'application/json')\n  .set('Authorization', adminToken)\n  .end((err, res) => {\n    expect(res.statusCode).to.be.equal(200);\n    expect(res.body.code).to.be.equal(200);\n    expect(res.body.message).to.be.equal('Project created successfully.');\n    expect(res.body.data).to.have.property('id');\n    // Set ProjectId in globalData\n    globalData.projectId = res.body.data.id;\n    done();\n  });",
              "err": {},
              "uuid": "4e3ff1f4-5048-477e-b1c5-2baed88dcb99",
              "parentUUID": "eab6e58c-1159-4feb-b2f9-7c278357367f",
              "isHook": false,
              "skipped": false
            }
          ],
          "suites": [],
          "passes": [
            "4e3ff1f4-5048-477e-b1c5-2baed88dcb99"
          ],
          "failures": [],
          "pending": [],
          "skipped": [],
          "duration": 469,
          "root": false,
          "rootEmpty": false,
          "_timeout": 2000
        },
        {
          "uuid": "ae413b21-955a-4168-80c9-dd0cc2c54324",
          "title": "Get Project Detail",
          "fullFile": "/home/xmebhzero/research/nodejs/learn-api-testing/test-populix-api/test/index.js",
          "file": "/test/index.js",
          "beforeHooks": [],
          "afterHooks": [],
          "tests": [
            {
              "title": "Should successfully get project detail",
              "fullTitle": "Get Project Detail Should successfully get project detail",
              "timedOut": false,
              "duration": 143,
              "state": "passed",
              "speed": "slow",
              "pass": true,
              "fail": false,
              "pending": false,
              "context": null,
              "code": "request(process.env.API_URL)\n  .get(`/projects/${globalData.projectId}`)\n  .set('Accept', 'application/json')\n  .set('Content-Type', 'application/json')\n  .set('Authorization', adminToken)\n  .end((err, res) => {\n    expect(res.statusCode).to.be.equal(200);\n    expect(res.body.code).to.be.equal(200);\n    expect(res.body.message).to.be.equal('Success.');\n    expect(res.body.data).to.include.all.keys([\n      'id',\n      'title',\n      'objective',\n      'type',\n      'clientName',\n      'clientEmail',\n      'companyName',\n      'isInternalProject',\n      'status',\n      'totalStudy',\n      'StudyGroups',\n    ]);\n    done();\n  });",
              "err": {},
              "uuid": "c6c82776-6ffb-438e-a5d3-55c4e6a27550",
              "parentUUID": "ae413b21-955a-4168-80c9-dd0cc2c54324",
              "isHook": false,
              "skipped": false
            }
          ],
          "suites": [],
          "passes": [
            "c6c82776-6ffb-438e-a5d3-55c4e6a27550"
          ],
          "failures": [],
          "pending": [],
          "skipped": [],
          "duration": 143,
          "root": false,
          "rootEmpty": false,
          "_timeout": 2000
        }
      ],
      "passes": [],
      "failures": [],
      "pending": [],
      "skipped": [],
      "duration": 0,
      "root": true,
      "rootEmpty": true,
      "_timeout": 2000
    }
  ],
  "meta": {
    "mocha": {
      "version": "10.2.0"
    },
    "mochawesome": {
      "options": {
        "quiet": false,
        "reportFilename": "mochawesome",
        "saveHtml": true,
        "saveJson": true,
        "consoleReporter": "spec",
        "useInlineDiffs": false,
        "code": true
      },
      "version": "7.1.3"
    },
    "marge": {
      "options": null,
      "version": "6.2.0"
    }
  }
}